android/app/build/intermediates/manifest_merge_blame_file/release/manifest-merger-blame-release-report.txt
1<?xml version="1.0" encoding="utf-8"?>
2<manifest xmlns:android="http://schemas.android.com/apk/res/android"
3    package="com.primeorderv2"
4    android:versionCode="1"
5    android:versionName="1.0" >
6
7    <uses-sdk
8        android:minSdkVersion="23"
8-->src/main/AndroidManifest.xml
9        android:targetSdkVersion="31" />
9-->src/main/AndroidManifest.xml
10
11    <queries>
11-->src/main/AndroidManifest.xml:3:1-8:15
12        <intent>
12-->src/main/AndroidManifest.xml:4:9-7:18
13            <action android:name="android.intent.action.VIEW" />
13-->src/main/AndroidManifest.xml:5:13-65
13-->src/main/AndroidManifest.xml:5:21-62
14
15            <data android:scheme="https" />
15-->src/main/AndroidManifest.xml:6:13-43
15-->src/main/AndroidManifest.xml:6:19-41
16        </intent>
17        <!-- Needs to be explicitly declared on Android R+ -->
18        <package android:name="com.google.android.apps.maps" />
18-->[com.google.android.gms:play-services-maps:18.0.2] AndroidManifest.xml:33:9-64
18-->[com.google.android.gms:play-services-maps:18.0.2] AndroidManifest.xml:33:18-61
19    </queries>
20
21    <uses-permission android:name="android.permission.INTERNET" />
21-->src/main/AndroidManifest.xml:9:5-67
21-->src/main/AndroidManifest.xml:9:22-64
22    <uses-permission android:name="android.permission.CAMERA" />
22-->src/main/AndroidManifest.xml:10:1-61
22-->src/main/AndroidManifest.xml:10:18-58
23    <uses-permission android:name="android.permission.WRITE_EXTERNAL_STORAGE" />
23-->src/main/AndroidManifest.xml:11:1-76
23-->src/main/AndroidManifest.xml:11:18-74
24    <uses-permission android:name="android.permission.ACCESS_COARSE_LOCATION" />
24-->src/main/AndroidManifest.xml:13:1-76
24-->src/main/AndroidManifest.xml:13:18-74
25    <uses-permission android:name="android.permission.ACCESS_FINE_LOCATION" />
25-->src/main/AndroidManifest.xml:14:1-75
25-->src/main/AndroidManifest.xml:14:18-72
26    <uses-permission android:name="android.permission.FOREGROUND_SERVICE" />
26-->src/main/AndroidManifest.xml:15:1-73
26-->src/main/AndroidManifest.xml:15:18-70
27    <uses-permission android:name="android.permission.WAKE_LOCK" />
27-->src/main/AndroidManifest.xml:16:1-64
27-->src/main/AndroidManifest.xml:16:18-61
28
29    <permission
30        android:name="com.primeorderv2.permission.C2D_MESSAGE"
30-->src/main/AndroidManifest.xml:18:5-59
31        android:protectionLevel="signature" />
31-->src/main/AndroidManifest.xml:19:5-40
32
33    <uses-permission android:name="com.primeorderv2.permission.C2D_MESSAGE" />
33-->src/main/AndroidManifest.xml:20:18-72
34    <uses-permission android:name="android.permission.VIBRATE" />
34-->src/main/AndroidManifest.xml:21:2-63
34-->src/main/AndroidManifest.xml:21:19-60
35    <uses-permission android:name="android.permission.RECEIVE_BOOT_COMPLETED" />
35-->src/main/AndroidManifest.xml:22:1-76
35-->src/main/AndroidManifest.xml:22:18-74
36    <uses-permission android:name="android.permission.ACCESS_NETWORK_STATE" />
36-->[:react-native-community_netinfo] AndroidManifest.xml:9:5-79
36-->[:react-native-community_netinfo] AndroidManifest.xml:9:22-76
37    <uses-permission android:name="android.permission.ACCESS_WIFI_STATE" />
37-->[:react-native-community_netinfo] AndroidManifest.xml:10:5-76
37-->[:react-native-community_netinfo] AndroidManifest.xml:10:22-73
38    <uses-permission android:name="android.permission.READ_EXTERNAL_STORAGE" />
38-->[:react-native-camera-kit] AndroidManifest.xml:10:5-80
38-->[:react-native-camera-kit] AndroidManifest.xml:10:22-77
39    <uses-permission android:name="android.permission.RECORD_AUDIO" />
39-->[:react-native-voice] AndroidManifest.xml:11:5-71
39-->[:react-native-voice] AndroidManifest.xml:11:22-68
40    <uses-permission android:name="android.permission.POST_NOTIFICATIONS" /> <!-- Required by older versions of Google Play services to create IID tokens -->
40-->[com.google.firebase:firebase-messaging:23.1.0] AndroidManifest.xml:25:5-77
40-->[com.google.firebase:firebase-messaging:23.1.0] AndroidManifest.xml:25:22-74
41    <uses-permission android:name="com.google.android.c2dm.permission.RECEIVE" />
41-->[com.google.firebase:firebase-messaging:23.1.0] AndroidManifest.xml:28:5-82
41-->[com.google.firebase:firebase-messaging:23.1.0] AndroidManifest.xml:28:22-79
42    <uses-permission android:name="com.google.android.gms.permission.AD_ID" />
42-->[com.google.android.gms:play-services-measurement-api:21.2.0] AndroidManifest.xml:25:5-79
42-->[com.google.android.gms:play-services-measurement-api:21.2.0] AndroidManifest.xml:25:22-76
43
44    <uses-feature
44-->[com.google.android.gms:play-services-maps:18.0.2] AndroidManifest.xml:26:5-28:35
45        android:glEsVersion="0x00020000"
45-->[com.google.android.gms:play-services-maps:18.0.2] AndroidManifest.xml:27:9-41
46        android:required="true" />
46-->[com.google.android.gms:play-services-maps:18.0.2] AndroidManifest.xml:28:9-32
47
48    <uses-permission android:name="com.google.android.finsky.permission.BIND_GET_INSTALL_REFERRER_SERVICE" /> <!-- for android -->
48-->[com.google.android.gms:play-services-measurement:21.2.0] AndroidManifest.xml:26:5-110
48-->[com.google.android.gms:play-services-measurement:21.2.0] AndroidManifest.xml:26:22-107
49    <!-- <uses-permission android:name="com.android.launcher.permission.READ_SETTINGS"/> -->
50    <!-- <uses-permission android:name="com.android.launcher.permission.WRITE_SETTINGS"/> -->
51    <!-- <uses-permission android:name="com.android.launcher.permission.INSTALL_SHORTCUT" /> -->
52    <!-- <uses-permission android:name="com.android.launcher.permission.UNINSTALL_SHORTCUT" /> -->
53    <!-- for Samsung -->
54    <uses-permission android:name="com.sec.android.provider.badge.permission.READ" />
54-->[me.leolin:ShortcutBadger:1.1.22] AndroidManifest.xml:19:5-86
54-->[me.leolin:ShortcutBadger:1.1.22] AndroidManifest.xml:19:22-83
55    <uses-permission android:name="com.sec.android.provider.badge.permission.WRITE" /> <!-- for htc -->
55-->[me.leolin:ShortcutBadger:1.1.22] AndroidManifest.xml:20:5-87
55-->[me.leolin:ShortcutBadger:1.1.22] AndroidManifest.xml:20:22-84
56    <uses-permission android:name="com.htc.launcher.permission.READ_SETTINGS" />
56-->[me.leolin:ShortcutBadger:1.1.22] AndroidManifest.xml:23:5-81
56-->[me.leolin:ShortcutBadger:1.1.22] AndroidManifest.xml:23:22-78
57    <uses-permission android:name="com.htc.launcher.permission.UPDATE_SHORTCUT" /> <!-- for sony -->
57-->[me.leolin:ShortcutBadger:1.1.22] AndroidManifest.xml:24:5-83
57-->[me.leolin:ShortcutBadger:1.1.22] AndroidManifest.xml:24:22-80
58    <uses-permission android:name="com.sonyericsson.home.permission.BROADCAST_BADGE" />
58-->[me.leolin:ShortcutBadger:1.1.22] AndroidManifest.xml:27:5-88
58-->[me.leolin:ShortcutBadger:1.1.22] AndroidManifest.xml:27:22-85
59    <uses-permission android:name="com.sonymobile.home.permission.PROVIDER_INSERT_BADGE" /> <!-- for apex -->
59-->[me.leolin:ShortcutBadger:1.1.22] AndroidManifest.xml:28:5-92
59-->[me.leolin:ShortcutBadger:1.1.22] AndroidManifest.xml:28:22-89
60    <uses-permission android:name="com.anddoes.launcher.permission.UPDATE_COUNT" /> <!-- for solid -->
60-->[me.leolin:ShortcutBadger:1.1.22] AndroidManifest.xml:31:5-84
60-->[me.leolin:ShortcutBadger:1.1.22] AndroidManifest.xml:31:22-81
61    <uses-permission android:name="com.majeur.launcher.permission.UPDATE_BADGE" /> <!-- for huawei -->
61-->[me.leolin:ShortcutBadger:1.1.22] AndroidManifest.xml:34:5-83
61-->[me.leolin:ShortcutBadger:1.1.22] AndroidManifest.xml:34:22-80
62    <uses-permission android:name="com.huawei.android.launcher.permission.CHANGE_BADGE" />
62-->[me.leolin:ShortcutBadger:1.1.22] AndroidManifest.xml:37:5-91
62-->[me.leolin:ShortcutBadger:1.1.22] AndroidManifest.xml:37:22-88
63    <uses-permission android:name="com.huawei.android.launcher.permission.READ_SETTINGS" />
63-->[me.leolin:ShortcutBadger:1.1.22] AndroidManifest.xml:38:5-92
63-->[me.leolin:ShortcutBadger:1.1.22] AndroidManifest.xml:38:22-89
64    <uses-permission android:name="com.huawei.android.launcher.permission.WRITE_SETTINGS" /> <!-- for ZUK -->
64-->[me.leolin:ShortcutBadger:1.1.22] AndroidManifest.xml:39:5-93
64-->[me.leolin:ShortcutBadger:1.1.22] AndroidManifest.xml:39:22-90
65    <uses-permission android:name="android.permission.READ_APP_BADGE" /> <!-- for OPPO -->
65-->[me.leolin:ShortcutBadger:1.1.22] AndroidManifest.xml:42:5-73
65-->[me.leolin:ShortcutBadger:1.1.22] AndroidManifest.xml:42:22-70
66    <uses-permission android:name="com.oppo.launcher.permission.READ_SETTINGS" />
66-->[me.leolin:ShortcutBadger:1.1.22] AndroidManifest.xml:45:5-82
66-->[me.leolin:ShortcutBadger:1.1.22] AndroidManifest.xml:45:22-79
67    <uses-permission android:name="com.oppo.launcher.permission.WRITE_SETTINGS" /> <!-- for EvMe -->
67-->[me.leolin:ShortcutBadger:1.1.22] AndroidManifest.xml:46:5-83
67-->[me.leolin:ShortcutBadger:1.1.22] AndroidManifest.xml:46:22-80
68    <uses-permission android:name="me.everything.badger.permission.BADGE_COUNT_READ" />
68-->[me.leolin:ShortcutBadger:1.1.22] AndroidManifest.xml:49:5-88
68-->[me.leolin:ShortcutBadger:1.1.22] AndroidManifest.xml:49:22-85
69    <uses-permission android:name="me.everything.badger.permission.BADGE_COUNT_WRITE" />
69-->[me.leolin:ShortcutBadger:1.1.22] AndroidManifest.xml:50:5-89
69-->[me.leolin:ShortcutBadger:1.1.22] AndroidManifest.xml:50:22-86
70
71    <application
71-->src/main/AndroidManifest.xml:23:5-50:19
72        android:name="com.primeorderv2.MainApplication"
72-->src/main/AndroidManifest.xml:24:7-38
73        android:allowBackup="false"
73-->src/main/AndroidManifest.xml:28:7-34
74        android:appComponentFactory="androidx.core.app.CoreComponentFactory"
74-->[androidx.core:core:1.7.0] AndroidManifest.xml:24:18-86
75        android:extractNativeLibs="false"
76        android:icon="@mipmap/ic_launcher"
76-->src/main/AndroidManifest.xml:26:7-41
77        android:label="@string/app_name"
77-->src/main/AndroidManifest.xml:25:7-39
78        android:roundIcon="@mipmap/ic_launcher_round"
78-->src/main/AndroidManifest.xml:27:7-52
79        android:theme="@style/AppTheme"
79-->src/main/AndroidManifest.xml:30:7-38
80        android:usesCleartextTraffic="true" >
80-->src/main/AndroidManifest.xml:29:7-42
81        <activity
81-->src/main/AndroidManifest.xml:31:7-45:18
82            android:name="com.primeorderv2.MainActivity"
82-->src/main/AndroidManifest.xml:32:9-37
83            android:configChanges="keyboard|keyboardHidden|orientation|screenLayout|screenSize|smallestScreenSize|uiMode"
83-->src/main/AndroidManifest.xml:36:9-118
84            android:exported="true"
84-->src/main/AndroidManifest.xml:40:9-32
85            android:label="@string/app_name"
85-->src/main/AndroidManifest.xml:34:9-41
86            android:launchMode="singleTask"
86-->src/main/AndroidManifest.xml:37:9-40
87            android:screenOrientation="portrait"
87-->src/main/AndroidManifest.xml:35:9-45
88            android:windowSoftInputMode="adjustResize" >
88-->src/main/AndroidManifest.xml:39:9-51
89            <intent-filter>
89-->src/main/AndroidManifest.xml:41:9-44:25
90                <action android:name="android.intent.action.MAIN" />
90-->src/main/AndroidManifest.xml:42:13-65
90-->src/main/AndroidManifest.xml:42:21-62
91
92                <category android:name="android.intent.category.LAUNCHER" />
92-->src/main/AndroidManifest.xml:43:13-73
92-->src/main/AndroidManifest.xml:43:23-70
93            </intent-filter>
94        </activity>
95        <activity android:name="com.facebook.react.devsupport.DevSettingsActivity" />
95-->src/main/AndroidManifest.xml:46:9-86
95-->src/main/AndroidManifest.xml:46:19-83
96
97        <meta-data
97-->src/main/AndroidManifest.xml:47:4-49:70
98            android:name="com.google.android.geo.API_KEY"
98-->src/main/AndroidManifest.xml:48:13-58
99            android:value="AIzaSyC2-Avc5eocLws6rogSAFL_U324kMkKVRQ" />
99-->src/main/AndroidManifest.xml:49:13-68
100
101        <provider
101-->[:react-native-file-viewer] AndroidManifest.xml:10:9-18:20
102            android:name="com.vinzscam.reactnativefileviewer.FileProvider"
102-->[:react-native-file-viewer] AndroidManifest.xml:11:13-75
103            android:authorities="com.primeorderv2.provider"
103-->[:react-native-file-viewer] AndroidManifest.xml:12:13-60
104            android:exported="false"
104-->[:react-native-file-viewer] AndroidManifest.xml:13:13-37
105            android:grantUriPermissions="true" >
105-->[:react-native-file-viewer] AndroidManifest.xml:14:13-47
106            <meta-data
106-->[:react-native-file-viewer] AndroidManifest.xml:15:13-17:70
107                android:name="android.support.FILE_PROVIDER_PATHS"
107-->[:react-native-file-viewer] AndroidManifest.xml:16:17-67
108                android:resource="@xml/file_viewer_provider_paths" />
108-->[:react-native-file-viewer] AndroidManifest.xml:17:17-67
109        </provider>
110        <provider
110-->[:react-native-share] AndroidManifest.xml:10:9-18:20
111            android:name="cl.json.RNShareFileProvider"
111-->[:react-native-share] AndroidManifest.xml:11:13-55
112            android:authorities="com.primeorderv2.rnshare.fileprovider"
112-->[:react-native-share] AndroidManifest.xml:12:13-72
113            android:exported="false"
113-->[:react-native-share] AndroidManifest.xml:13:13-37
114            android:grantUriPermissions="true" >
114-->[:react-native-share] AndroidManifest.xml:14:13-47
115            <meta-data
115-->[:react-native-file-viewer] AndroidManifest.xml:15:13-17:70
116                android:name="android.support.FILE_PROVIDER_PATHS"
116-->[:react-native-file-viewer] AndroidManifest.xml:16:17-67
117                android:resource="@xml/share_download_paths" />
117-->[:react-native-file-viewer] AndroidManifest.xml:17:17-67
118        </provider>
119        <provider
119-->[:react-native-webview] AndroidManifest.xml:10:9-18:20
120            android:name="com.reactnativecommunity.webview.RNCWebViewFileProvider"
120-->[:react-native-webview] AndroidManifest.xml:11:13-83
121            android:authorities="com.primeorderv2.fileprovider"
121-->[:react-native-webview] AndroidManifest.xml:12:13-64
122            android:exported="false"
122-->[:react-native-webview] AndroidManifest.xml:13:13-37
123            android:grantUriPermissions="true" >
123-->[:react-native-webview] AndroidManifest.xml:14:13-47
124            <meta-data
124-->[:react-native-file-viewer] AndroidManifest.xml:15:13-17:70
125                android:name="android.support.FILE_PROVIDER_PATHS"
125-->[:react-native-file-viewer] AndroidManifest.xml:16:17-67
126                android:resource="@xml/file_provider_paths" />
126-->[:react-native-file-viewer] AndroidManifest.xml:17:17-67
127        </provider>
128
129        <receiver
129-->[com.google.firebase:firebase-messaging:23.1.0] AndroidManifest.xml:31:9-38:20
130            android:name="com.google.firebase.iid.FirebaseInstanceIdReceiver"
130-->[com.google.firebase:firebase-messaging:23.1.0] AndroidManifest.xml:32:13-78
131            android:exported="true"
131-->[com.google.firebase:firebase-messaging:23.1.0] AndroidManifest.xml:33:13-36
132            android:permission="com.google.android.c2dm.permission.SEND" >
132-->[com.google.firebase:firebase-messaging:23.1.0] AndroidManifest.xml:34:13-73
133            <intent-filter>
133-->[com.google.firebase:firebase-messaging:23.1.0] AndroidManifest.xml:35:13-37:29
134                <action android:name="com.google.android.c2dm.intent.RECEIVE" />
134-->[com.google.firebase:firebase-messaging:23.1.0] AndroidManifest.xml:36:17-81
134-->[com.google.firebase:firebase-messaging:23.1.0] AndroidManifest.xml:36:25-78
135            </intent-filter>
136        </receiver>
137        <!--
138             FirebaseMessagingService performs security checks at runtime,
139             but set to not exported to explicitly avoid allowing another app to call it.
140        -->
141        <service
141-->[com.google.firebase:firebase-messaging:23.1.0] AndroidManifest.xml:44:9-51:19
142            android:name="com.google.firebase.messaging.FirebaseMessagingService"
142-->[com.google.firebase:firebase-messaging:23.1.0] AndroidManifest.xml:45:13-82
143            android:directBootAware="true"
143-->[com.google.firebase:firebase-messaging:23.1.0] AndroidManifest.xml:46:13-43
144            android:exported="false" >
144-->[com.google.firebase:firebase-messaging:23.1.0] AndroidManifest.xml:47:13-37
145            <intent-filter android:priority="-500" >
145-->[com.google.firebase:firebase-messaging:23.1.0] AndroidManifest.xml:48:13-50:29
145-->[com.google.firebase:firebase-messaging:23.1.0] AndroidManifest.xml:48:28-51
146                <action android:name="com.google.firebase.MESSAGING_EVENT" />
146-->[com.google.firebase:firebase-messaging:23.1.0] AndroidManifest.xml:49:17-78
146-->[com.google.firebase:firebase-messaging:23.1.0] AndroidManifest.xml:49:25-75
147            </intent-filter>
148        </service>
149        <service
149-->[com.google.firebase:firebase-messaging:23.1.0] AndroidManifest.xml:52:9-58:19
150            android:name="com.google.firebase.components.ComponentDiscoveryService"
150-->[com.google.firebase:firebase-messaging:23.1.0] AndroidManifest.xml:53:13-84
151            android:directBootAware="true"
151-->[com.google.firebase:firebase-common:20.2.0] AndroidManifest.xml:34:13-43
152            android:exported="false" >
152-->[com.google.firebase:firebase-messaging:23.1.0] AndroidManifest.xml:54:13-37
153            <meta-data
153-->[com.google.firebase:firebase-messaging:23.1.0] AndroidManifest.xml:55:13-57:85
154                android:name="com.google.firebase.components:com.google.firebase.messaging.FirebaseMessagingRegistrar"
154-->[com.google.firebase:firebase-messaging:23.1.0] AndroidManifest.xml:56:17-119
155                android:value="com.google.firebase.components.ComponentRegistrar" />
155-->[com.google.firebase:firebase-messaging:23.1.0] AndroidManifest.xml:57:17-82
156            <meta-data
156-->[com.google.firebase:firebase-datatransport:18.1.7] AndroidManifest.xml:27:13-29:85
157                android:name="com.google.firebase.components:com.google.firebase.datatransport.TransportRegistrar"
157-->[com.google.firebase:firebase-datatransport:18.1.7] AndroidManifest.xml:28:17-115
158                android:value="com.google.firebase.components.ComponentRegistrar" />
158-->[com.google.firebase:firebase-datatransport:18.1.7] AndroidManifest.xml:29:17-82
159            <meta-data
159-->[com.google.android.gms:play-services-measurement-api:21.2.0] AndroidManifest.xml:31:13-33:85
160                android:name="com.google.firebase.components:com.google.firebase.analytics.connector.internal.AnalyticsConnectorRegistrar"
160-->[com.google.android.gms:play-services-measurement-api:21.2.0] AndroidManifest.xml:32:17-139
161                android:value="com.google.firebase.components.ComponentRegistrar" />
161-->[com.google.android.gms:play-services-measurement-api:21.2.0] AndroidManifest.xml:33:17-82
162            <meta-data
162-->[com.google.firebase:firebase-installations:17.1.0] AndroidManifest.xml:17:13-19:85
163                android:name="com.google.firebase.components:com.google.firebase.installations.FirebaseInstallationsRegistrar"
163-->[com.google.firebase:firebase-installations:17.1.0] AndroidManifest.xml:18:17-127
164                android:value="com.google.firebase.components.ComponentRegistrar" />
164-->[com.google.firebase:firebase-installations:17.1.0] AndroidManifest.xml:19:17-82
165        </service>
166        <service
166-->[com.google.android.gms:play-services-mlkit-barcode-scanning:18.0.0] AndroidManifest.xml:9:9-15:19
167            android:name="com.google.mlkit.common.internal.MlKitComponentDiscoveryService"
167-->[com.google.android.gms:play-services-mlkit-barcode-scanning:18.0.0] AndroidManifest.xml:10:13-91
168            android:directBootAware="true"
168-->[com.google.mlkit:common:18.0.0] AndroidManifest.xml:17:13-43
169            android:exported="false" >
169-->[com.google.android.gms:play-services-mlkit-barcode-scanning:18.0.0] AndroidManifest.xml:11:13-37
170            <meta-data
170-->[com.google.android.gms:play-services-mlkit-barcode-scanning:18.0.0] AndroidManifest.xml:12:13-14:85
171                android:name="com.google.firebase.components:com.google.mlkit.vision.barcode.internal.BarcodeRegistrar"
171-->[com.google.android.gms:play-services-mlkit-barcode-scanning:18.0.0] AndroidManifest.xml:13:17-120
172                android:value="com.google.firebase.components.ComponentRegistrar" />
172-->[com.google.android.gms:play-services-mlkit-barcode-scanning:18.0.0] AndroidManifest.xml:14:17-82
173            <meta-data
173-->[com.google.mlkit:vision-common:17.0.0] AndroidManifest.xml:12:13-14:85
174                android:name="com.google.firebase.components:com.google.mlkit.vision.common.internal.VisionCommonRegistrar"
174-->[com.google.mlkit:vision-common:17.0.0] AndroidManifest.xml:13:17-124
175                android:value="com.google.firebase.components.ComponentRegistrar" />
175-->[com.google.mlkit:vision-common:17.0.0] AndroidManifest.xml:14:17-82
176            <meta-data
176-->[com.google.mlkit:common:18.0.0] AndroidManifest.xml:20:13-22:85
177                android:name="com.google.firebase.components:com.google.mlkit.common.internal.CommonComponentRegistrar"
177-->[com.google.mlkit:common:18.0.0] AndroidManifest.xml:21:17-120
178                android:value="com.google.firebase.components.ComponentRegistrar" />
178-->[com.google.mlkit:common:18.0.0] AndroidManifest.xml:22:17-82
179        </service>
180
181        <provider
181-->[com.google.mlkit:common:18.0.0] AndroidManifest.xml:9:9-13:38
182            android:name="com.google.mlkit.common.internal.MlKitInitProvider"
182-->[com.google.mlkit:common:18.0.0] AndroidManifest.xml:10:13-78
183            android:authorities="com.primeorderv2.mlkitinitprovider"
183-->[com.google.mlkit:common:18.0.0] AndroidManifest.xml:11:13-69
184            android:exported="false"
184-->[com.google.mlkit:common:18.0.0] AndroidManifest.xml:12:13-37
185            android:initOrder="99" />
185-->[com.google.mlkit:common:18.0.0] AndroidManifest.xml:13:13-35
186
187        <service
187-->[com.google.android.datatransport:transport-backend-cct:3.1.8] AndroidManifest.xml:28:9-34:19
188            android:name="com.google.android.datatransport.runtime.backends.TransportBackendDiscovery"
188-->[com.google.android.datatransport:transport-backend-cct:3.1.8] AndroidManifest.xml:29:13-103
189            android:exported="false" >
189-->[com.google.android.datatransport:transport-backend-cct:3.1.8] AndroidManifest.xml:30:13-37
190            <meta-data
190-->[com.google.android.datatransport:transport-backend-cct:3.1.8] AndroidManifest.xml:31:13-33:39
191                android:name="backend:com.google.android.datatransport.cct.CctBackendFactory"
191-->[com.google.android.datatransport:transport-backend-cct:3.1.8] AndroidManifest.xml:32:17-94
192                android:value="cct" />
192-->[com.google.android.datatransport:transport-backend-cct:3.1.8] AndroidManifest.xml:33:17-36
193        </service>
194        <service
194-->[com.google.android.datatransport:transport-runtime:3.1.8] AndroidManifest.xml:26:9-30:19
195            android:name="com.google.android.datatransport.runtime.scheduling.jobscheduling.JobInfoSchedulerService"
195-->[com.google.android.datatransport:transport-runtime:3.1.8] AndroidManifest.xml:27:13-117
196            android:exported="false"
196-->[com.google.android.datatransport:transport-runtime:3.1.8] AndroidManifest.xml:28:13-37
197            android:permission="android.permission.BIND_JOB_SERVICE" >
197-->[com.google.android.datatransport:transport-runtime:3.1.8] AndroidManifest.xml:29:13-69
198        </service>
199
200        <receiver
200-->[com.google.android.datatransport:transport-runtime:3.1.8] AndroidManifest.xml:32:9-34:40
201            android:name="com.google.android.datatransport.runtime.scheduling.jobscheduling.AlarmManagerSchedulerBroadcastReceiver"
201-->[com.google.android.datatransport:transport-runtime:3.1.8] AndroidManifest.xml:33:13-132
202            android:exported="false" />
202-->[com.google.android.datatransport:transport-runtime:3.1.8] AndroidManifest.xml:34:13-37
203
204        <provider
204-->[com.google.firebase:firebase-common:20.2.0] AndroidManifest.xml:25:9-30:39
205            android:name="com.google.firebase.provider.FirebaseInitProvider"
205-->[com.google.firebase:firebase-common:20.2.0] AndroidManifest.xml:26:13-77
206            android:authorities="com.primeorderv2.firebaseinitprovider"
206-->[com.google.firebase:firebase-common:20.2.0] AndroidManifest.xml:27:13-72
207            android:directBootAware="true"
207-->[com.google.firebase:firebase-common:20.2.0] AndroidManifest.xml:28:13-43
208            android:exported="false"
208-->[com.google.firebase:firebase-common:20.2.0] AndroidManifest.xml:29:13-37
209            android:initOrder="100" />
209-->[com.google.firebase:firebase-common:20.2.0] AndroidManifest.xml:30:13-36
210
211        <service
211-->[androidx.camera:camera-camera2:1.1.0] AndroidManifest.xml:26:9-35:19
212            android:name="androidx.camera.core.impl.MetadataHolderService"
212-->[androidx.camera:camera-camera2:1.1.0] AndroidManifest.xml:27:13-75
213            android:enabled="false"
213-->[androidx.camera:camera-camera2:1.1.0] AndroidManifest.xml:28:13-36
214            android:exported="false" >
214-->[androidx.camera:camera-camera2:1.1.0] AndroidManifest.xml:29:13-37
215            <meta-data
215-->[androidx.camera:camera-camera2:1.1.0] AndroidManifest.xml:32:13-34:89
216                android:name="androidx.camera.core.impl.MetadataHolderService.DEFAULT_CONFIG_PROVIDER"
216-->[androidx.camera:camera-camera2:1.1.0] AndroidManifest.xml:33:17-103
217                android:value="androidx.camera.camera2.Camera2Config$DefaultProvider" />
217-->[androidx.camera:camera-camera2:1.1.0] AndroidManifest.xml:34:17-86
218        </service> <!-- Needs to be explicitly declared on P+ -->
219        <uses-library
219-->[com.google.android.gms:play-services-maps:18.0.2] AndroidManifest.xml:39:9-41:40
220            android:name="org.apache.http.legacy"
220-->[com.google.android.gms:play-services-maps:18.0.2] AndroidManifest.xml:40:13-50
221            android:required="false" />
221-->[com.google.android.gms:play-services-maps:18.0.2] AndroidManifest.xml:41:13-37
222
223        <activity
223-->[com.google.android.gms:play-services-base:18.1.0] AndroidManifest.xml:20:9-22:45
224            android:name="com.google.android.gms.common.api.GoogleApiActivity"
224-->[com.google.android.gms:play-services-base:18.1.0] AndroidManifest.xml:20:19-85
225            android:exported="false"
225-->[com.google.android.gms:play-services-base:18.1.0] AndroidManifest.xml:22:19-43
226            android:theme="@android:style/Theme.Translucent.NoTitleBar" />
226-->[com.google.android.gms:play-services-base:18.1.0] AndroidManifest.xml:21:19-78
227
228        <provider
228-->[androidx.work:work-runtime:2.7.1] AndroidManifest.xml:31:9-39:20
229            android:name="androidx.startup.InitializationProvider"
229-->[androidx.work:work-runtime:2.7.1] AndroidManifest.xml:32:13-67
230            android:authorities="com.primeorderv2.androidx-startup"
230-->[androidx.work:work-runtime:2.7.1] AndroidManifest.xml:33:13-68
231            android:exported="false" >
231-->[androidx.work:work-runtime:2.7.1] AndroidManifest.xml:34:13-37
232            <meta-data
232-->[androidx.work:work-runtime:2.7.1] AndroidManifest.xml:36:13-38:52
233                android:name="androidx.work.WorkManagerInitializer"
233-->[androidx.work:work-runtime:2.7.1] AndroidManifest.xml:37:17-68
234                android:value="androidx.startup" />
234-->[androidx.work:work-runtime:2.7.1] AndroidManifest.xml:38:17-49
235            <meta-data
235-->[androidx.emoji2:emoji2:1.0.0] AndroidManifest.xml:31:13-33:52
236                android:name="androidx.emoji2.text.EmojiCompatInitializer"
236-->[androidx.emoji2:emoji2:1.0.0] AndroidManifest.xml:32:17-75
237                android:value="androidx.startup" />
237-->[androidx.emoji2:emoji2:1.0.0] AndroidManifest.xml:33:17-49
238            <meta-data
238-->[androidx.lifecycle:lifecycle-process:2.4.0] AndroidManifest.xml:31:13-33:52
239                android:name="androidx.lifecycle.ProcessLifecycleInitializer"
239-->[androidx.lifecycle:lifecycle-process:2.4.0] AndroidManifest.xml:32:17-78
240                android:value="androidx.startup" />
240-->[androidx.lifecycle:lifecycle-process:2.4.0] AndroidManifest.xml:33:17-49
241        </provider>
242
243        <service
243-->[androidx.work:work-runtime:2.7.1] AndroidManifest.xml:41:9-46:35
244            android:name="androidx.work.impl.background.systemalarm.SystemAlarmService"
244-->[androidx.work:work-runtime:2.7.1] AndroidManifest.xml:42:13-88
245            android:directBootAware="false"
245-->[androidx.work:work-runtime:2.7.1] AndroidManifest.xml:43:13-44
246            android:enabled="@bool/enable_system_alarm_service_default"
246-->[androidx.work:work-runtime:2.7.1] AndroidManifest.xml:44:13-72
247            android:exported="false" />
247-->[androidx.work:work-runtime:2.7.1] AndroidManifest.xml:45:13-37
248        <service
248-->[androidx.work:work-runtime:2.7.1] AndroidManifest.xml:47:9-53:35
249            android:name="androidx.work.impl.background.systemjob.SystemJobService"
249-->[androidx.work:work-runtime:2.7.1] AndroidManifest.xml:48:13-84
250            android:directBootAware="false"
250-->[androidx.work:work-runtime:2.7.1] AndroidManifest.xml:49:13-44
251            android:enabled="@bool/enable_system_job_service_default"
251-->[androidx.work:work-runtime:2.7.1] AndroidManifest.xml:50:13-70
252            android:exported="true"
252-->[androidx.work:work-runtime:2.7.1] AndroidManifest.xml:51:13-36